\BOOKMARK [0][-]{chapter*.2}{Abstract}{}% 1
\BOOKMARK [0][-]{section*.4}{List\040of\040Tables}{}% 2
\BOOKMARK [0][-]{section*.6}{List\040of\040Figures}{}% 3
\BOOKMARK [0][-]{section*.8}{List\040of\040Abbreviations}{}% 4
\BOOKMARK [0][-]{chapter.1}{Introduction}{}% 5
\BOOKMARK [1][-]{section.1.1}{Problem\040Statement}{chapter.1}% 6
\BOOKMARK [1][-]{section.1.2}{XX}{chapter.1}% 7
\BOOKMARK [0][-]{chapter.2}{Proposed\040Solution}{}% 8
\BOOKMARK [1][-]{section.2.1}{Challenges}{chapter.2}% 9
\BOOKMARK [1][-]{section.2.2}{Raw\040Data}{chapter.2}% 10
\BOOKMARK [1][-]{section.2.3}{Bag\040of\040Words\040Model}{chapter.2}% 11
\BOOKMARK [1][-]{section.2.4}{Performance\040Metrics}{chapter.2}% 12
\BOOKMARK [0][-]{chapter.3}{Model\040Development}{}% 13
\BOOKMARK [1][-]{section.3.1}{Modelling\040Process}{chapter.3}% 14
\BOOKMARK [1][-]{section.3.2}{Feature\040Cleaning}{chapter.3}% 15
\BOOKMARK [1][-]{section.3.3}{Feature\040Engineering}{chapter.3}% 16
\BOOKMARK [1][-]{section.3.4}{Algorithms}{chapter.3}% 17
\BOOKMARK [1][-]{section.3.5}{Experiments}{chapter.3}% 18
\BOOKMARK [2][-]{subsection.3.5.1}{Classification\040Algorithms}{section.3.5}% 19
\BOOKMARK [2][-]{subsection.3.5.2}{Cross-validation\040Results}{section.3.5}% 20
\BOOKMARK [1][-]{section.3.6}{Leaderboard\040Results}{chapter.3}% 21
\BOOKMARK [0][-]{chapter.4}{Conclusion}{}% 22
\BOOKMARK [1][-]{section.4.1}{Summary}{chapter.4}% 23
\BOOKMARK [1][-]{section.4.2}{Lessons\040Learned}{chapter.4}% 24
\BOOKMARK [1][-]{section.4.3}{Kaggle\040Competition\040Page\040and\040Source\040Files}{chapter.4}% 25
\BOOKMARK [1][-]{section.4.4}{Allocation\040of\040Work}{chapter.4}% 26
\BOOKMARK [0][-]{section.4.4}{Bibliography}{}% 27
\BOOKMARK [0][-]{section*.13}{Appendices}{}% 28
\BOOKMARK [1][-]{section.Alph0.1}{xxx}{section*.13}% 29
